The system is: Windows - 10.0.19041 - AMD64
Compiling the C compiler identification source file "CMakeCCompilerId.c" succeeded.
Compiler: D:/VISUAL STUDIO/VC/Tools/MSVC/14.29.30133/bin/Hostx64/x64/cl.exe 
Build flags: 
Id flags:  

The output was:
0
Оптимизирующий компилятор Microsoft (R) C/C++ версии 19.29.30133 для x64
(C) Корпорация Майкрософт (Microsoft Corporation).  Все права защищены.

CMakeCCompilerId.c
Microsoft (R) Incremental Linker Version 14.29.30133.0
Copyright (C) Microsoft Corporation.  All rights reserved.

/out:CMakeCCompilerId.exe 
CMakeCCompilerId.obj 


Compilation of the C compiler identification source "CMakeCCompilerId.c" produced "CMakeCCompilerId.exe"

Compilation of the C compiler identification source "CMakeCCompilerId.c" produced "CMakeCCompilerId.obj"

The C compiler identification is MSVC, found in "C:/Users/iRU/Desktop/ABC-03/02 как надо/out/build/x64-Debug/CMakeFiles/3.20.21032501-MSVC_2/CompilerIdC/CMakeCCompilerId.exe"

Detecting C compiler ABI info compiled with the following output:
Change Dir: C:/Users/iRU/Desktop/ABC-03/02 как надо/out/build/x64-Debug/CMakeFiles/CMakeTmp

Run Build Command(s):D:/VISUAL STUDIO/Common7/IDE/CommonExtensions/Microsoft/CMake/Ninja/ninja.exe cmTC_297d1 && [1/2] Building C object CMakeFiles\cmTC_297d1.dir\CMakeCCompilerABI.c.obj
[2/2] Linking C executable cmTC_297d1.exe



